This is pdfTeX, Version 3.141592653-2.6-1.40.27 (TeX Live 2025) (preloaded format=pdflatex 2025.11.25)  12 DEC 2025 23:35
entering extended mode
 restricted \write18 enabled.
 file:line:error style messages enabled.
 %&-line parsing enabled.
**d:/resource/论文/arXiv-2510.14049v2/arxiv.tex
(d:/resource/论文/arXiv-2510.14049v2/arxiv.tex
LaTeX2e <2024-11-01> patch level 2
L3 programming layer <2025-01-18>
(c:/texlive/2025/texmf-dist/tex/latex/base/article.cls
Document Class: article 2024/06/29 v1.4n Standard LaTeX document class
(c:/texlive/2025/texmf-dist/tex/latex/base/size10.clo
File: size10.clo 2024/06/29 v1.4n Standard LaTeX file (size option)
)
\c@part=\count196
\c@section=\count197
\c@subsection=\count198
\c@subsubsection=\count199
\c@paragraph=\count266
\c@subparagraph=\count267
\c@figure=\count268
\c@table=\count269
\abovecaptionskip=\skip49
\belowcaptionskip=\skip50
\bibindent=\dimen141
) (./neurips_2025.sty
Package: neurips_2025 2025/04/02 NeurIPS 2025 submission/camera-ready style file
 (c:/texlive/2025/texmf-dist/tex/latex/environ/environ.sty
Package: environ 2014/05/04 v0.3 A new way to define environments
 (c:/texlive/2025/texmf-dist/tex/latex/trimspaces/trimspaces.sty
Package: trimspaces 2009/09/17 v1.1 Trim spaces around a token list
)
\@envbody=\toks17
) (c:/texlive/2025/texmf-dist/tex/latex/natbib/natbib.sty
Package: natbib 2010/09/13 8.31b (PWD, AO)
\bibhang=\skip51
\bibsep=\skip52
LaTeX Info: Redefining \cite on input line 694.
\c@NAT@ctr=\count270
) (c:/texlive/2025/texmf-dist/tex/latex/geometry/geometry.sty
Package: geometry 2020/01/02 v5.9 Page Geometry
 (c:/texlive/2025/texmf-dist/tex/latex/graphics/keyval.sty
Package: keyval 2022/05/29 v1.15 key=value parser (DPC)
\KV@toks@=\toks18
) (c:/texlive/2025/texmf-dist/tex/generic/iftex/ifvtex.sty
Package: ifvtex 2019/10/25 v1.7 ifvtex legacy package. Use iftex instead.
 (c:/texlive/2025/texmf-dist/tex/generic/iftex/iftex.sty
Package: iftex 2024/12/12 v1.0g TeX engine tests
))
\Gm@cnth=\count271
\Gm@cntv=\count272
\c@Gm@tempcnt=\count273
\Gm@bindingoffset=\dimen142
\Gm@wd@mp=\dimen143
\Gm@odd@mp=\dimen144
\Gm@even@mp=\dimen145
\Gm@layoutwidth=\dimen146
\Gm@layoutheight=\dimen147
\Gm@layouthoffset=\dimen148
\Gm@layoutvoffset=\dimen149
\Gm@dimlist=\toks19
)
\@neuripsabovecaptionskip=\skip53
\@neuripsbelowcaptionskip=\skip54
) (c:/texlive/2025/texmf-dist/tex/latex/base/inputenc.sty
Package: inputenc 2024/02/08 v1.3d Input encoding file
\inpenc@prehook=\toks20
\inpenc@posthook=\toks21
) (c:/texlive/2025/texmf-dist/tex/latex/base/fontenc.sty
Package: fontenc 2021/04/29 v2.0v Standard LaTeX package
LaTeX Font Info:    Trying to load font information for T1+ptm on input line 116.
 (c:/texlive/2025/texmf-dist/tex/latex/psnfss/t1ptm.fd
File: t1ptm.fd 2001/06/04 font definitions for T1/ptm.
)) (c:/texlive/2025/texmf-dist/tex/generic/babel/babel.sty
Package: babel 2025/02/14 v25.4 The multilingual framework for pdfLaTeX, LuaLaTeX and XeLaTeX
\babel@savecnt=\count274
\U@D=\dimen150
\l@unhyphenated=\language90
 (c:/texlive/2025/texmf-dist/tex/generic/babel/txtbabel.def)
\bbl@readstream=\read2
\bbl@dirlevel=\count275
 (c:/texlive/2025/texmf-dist/tex/generic/babel-english/english.ldf
Language: english 2017/06/06 v3.3r English support from the babel system
Package babel Info: Hyphen rules for 'canadian' set to \l@english
(babel)             (\language0). Reported on input line 102.
Package babel Info: Hyphen rules for 'australian' set to \l@ukenglish
(babel)             (\language22). Reported on input line 105.
Package babel Info: Hyphen rules for 'newzealand' set to \l@ukenglish
(babel)             (\language22). Reported on input line 108.
)) (c:/texlive/2025/texmf-dist/tex/generic/babel/locale/en/babel-english.tex
Package babel Info: Importing font and identification data for english
(babel)             from babel-en.ini. Reported on input line 11.
) (c:/texlive/2025/texmf-dist/tex/latex/amsmath/amsmath.sty
Package: amsmath 2024/11/05 v2.17t AMS math features
\@mathmargin=\skip55

For additional information on amsmath, use the `?' option.
(c:/texlive/2025/texmf-dist/tex/latex/amsmath/amstext.sty
Package: amstext 2021/08/26 v2.01 AMS text
 (c:/texlive/2025/texmf-dist/tex/latex/amsmath/amsgen.sty
File: amsgen.sty 1999/11/30 v2.0 generic functions
\@emptytoks=\toks22
\ex@=\dimen151
)) (c:/texlive/2025/texmf-dist/tex/latex/amsmath/amsbsy.sty
Package: amsbsy 1999/11/29 v1.2d Bold Symbols
\pmbraise@=\dimen152
) (c:/texlive/2025/texmf-dist/tex/latex/amsmath/amsopn.sty
Package: amsopn 2022/04/08 v2.04 operator names
)
\inf@bad=\count276
LaTeX Info: Redefining \frac on input line 233.
\uproot@=\count277
\leftroot@=\count278
LaTeX Info: Redefining \overline on input line 398.
LaTeX Info: Redefining \colon on input line 409.
\classnum@=\count279
\DOTSCASE@=\count280
LaTeX Info: Redefining \ldots on input line 495.
LaTeX Info: Redefining \dots on input line 498.
LaTeX Info: Redefining \cdots on input line 619.
\Mathstrutbox@=\box52
\strutbox@=\box53
LaTeX Info: Redefining \big on input line 721.
LaTeX Info: Redefining \Big on input line 722.
LaTeX Info: Redefining \bigg on input line 723.
LaTeX Info: Redefining \Bigg on input line 724.
\big@size=\dimen153
LaTeX Font Info:    Redeclaring font encoding OML on input line 742.
LaTeX Font Info:    Redeclaring font encoding OMS on input line 743.
\macc@depth=\count281
LaTeX Info: Redefining \bmod on input line 904.
LaTeX Info: Redefining \pmod on input line 909.
LaTeX Info: Redefining \smash on input line 939.
LaTeX Info: Redefining \relbar on input line 969.
LaTeX Info: Redefining \Relbar on input line 970.
\c@MaxMatrixCols=\count282
\dotsspace@=\muskip17
\c@parentequation=\count283
\dspbrk@lvl=\count284
\tag@help=\toks23
\row@=\count285
\column@=\count286
\maxfields@=\count287
\andhelp@=\toks24
\eqnshift@=\dimen154
\alignsep@=\dimen155
\tagshift@=\dimen156
\tagwidth@=\dimen157
\totwidth@=\dimen158
\lineht@=\dimen159
\@envbody=\toks25
\multlinegap=\skip56
\multlinetaggap=\skip57
\mathdisplay@stack=\toks26
LaTeX Info: Redefining \[ on input line 2953.
LaTeX Info: Redefining \] on input line 2954.
) (c:/texlive/2025/texmf-dist/tex/latex/amsfonts/amssymb.sty
Package: amssymb 2013/01/14 v3.01 AMS font symbols
 (c:/texlive/2025/texmf-dist/tex/latex/amsfonts/amsfonts.sty
Package: amsfonts 2013/01/14 v3.01 Basic AMSFonts support
\symAMSa=\mathgroup4
\symAMSb=\mathgroup5
LaTeX Font Info:    Redeclaring math symbol \hbar on input line 98.
LaTeX Font Info:    Overwriting math alphabet `\mathfrak' in version `bold'
(Font)                  U/euf/m/n --> U/euf/b/n on input line 106.
)) (c:/texlive/2025/texmf-dist/tex/latex/mathtools/mathtools.sty
Package: mathtools 2024/10/04 v1.31 mathematical typesetting tools
 (c:/texlive/2025/texmf-dist/tex/latex/tools/calc.sty
Package: calc 2023/07/08 v4.3 Infix arithmetic (KKT,FJ)
\calc@Acount=\count288
\calc@Bcount=\count289
\calc@Adimen=\dimen160
\calc@Bdimen=\dimen161
\calc@Askip=\skip58
\calc@Bskip=\skip59
LaTeX Info: Redefining \setlength on input line 80.
LaTeX Info: Redefining \addtolength on input line 81.
\calc@Ccount=\count290
\calc@Cskip=\skip60
) (c:/texlive/2025/texmf-dist/tex/latex/mathtools/mhsetup.sty
Package: mhsetup 2021/03/18 v1.4 programming setup (MH)
)
\g_MT_multlinerow_int=\count291
\l_MT_multwidth_dim=\dimen162
\origjot=\skip61
\l_MT_shortvdotswithinadjustabove_dim=\dimen163
\l_MT_shortvdotswithinadjustbelow_dim=\dimen164
\l_MT_above_intertext_sep=\dimen165
\l_MT_below_intertext_sep=\dimen166
\l_MT_above_shortintertext_sep=\dimen167
\l_MT_below_shortintertext_sep=\dimen168
\xmathstrut@box=\box54
\xmathstrut@dim=\dimen169
) (c:/texlive/2025/texmf-dist/tex/latex/amscls/amsthm.sty
Package: amsthm 2020/05/29 v2.20.6
\thm@style=\toks27
\thm@bodyfont=\toks28
\thm@headfont=\toks29
\thm@notefont=\toks30
\thm@headpunct=\toks31
\thm@preskip=\skip62
\thm@postskip=\skip63
\thm@headsep=\skip64
\dth@everypar=\toks32
) (c:/texlive/2025/texmf-dist/tex/latex/tools/bm.sty
Package: bm 2023/12/19 v1.2f Bold Symbol Support (DPC/FMi)
\symboldoperators=\mathgroup6
\symboldletters=\mathgroup7
\symboldsymbols=\mathgroup8
Package bm Info: No bold for \OMX/cmex/m/n, using \pmb.
Package bm Info: No bold for \U/msa/m/n, using \pmb.
Package bm Info: No bold for \U/msb/m/n, using \pmb.
LaTeX Font Info:    Redeclaring math alphabet \mathbf on input line 149.
) (c:/texlive/2025/texmf-dist/tex/latex/amsfonts/eucal.sty
Package: eucal 2009/06/22 v3.00 Euler Script fonts
LaTeX Font Info:    Overwriting math alphabet `\EuScript' in version `bold'
(Font)                  U/eus/m/n --> U/eus/b/n on input line 33.
) (c:/texlive/2025/texmf-dist/tex/latex/graphics/graphicx.sty
Package: graphicx 2021/09/16 v1.2d Enhanced LaTeX Graphics (DPC,SPQR)
 (c:/texlive/2025/texmf-dist/tex/latex/graphics/graphics.sty
Package: graphics 2024/08/06 v1.4g Standard LaTeX Graphics (DPC,SPQR)
 (c:/texlive/2025/texmf-dist/tex/latex/graphics/trig.sty
Package: trig 2023/12/02 v1.11 sin cos tan (DPC)
) (c:/texlive/2025/texmf-dist/tex/latex/graphics-cfg/graphics.cfg
File: graphics.cfg 2016/06/04 v1.11 sample graphics configuration
)
Package graphics Info: Driver file: pdftex.def on input line 106.
 (c:/texlive/2025/texmf-dist/tex/latex/graphics-def/pdftex.def
File: pdftex.def 2024/04/13 v1.2c Graphics/color driver for pdftex
))
\Gin@req@height=\dimen170
\Gin@req@width=\dimen171
) (c:/texlive/2025/texmf-dist/tex/latex/wrapfig/wrapfig.sty
\wrapoverhang=\dimen172
\WF@size=\dimen173
\c@WF@wrappedlines=\count292
\WF@box=\box55
\WF@everypar=\toks33
Package: wrapfig 2003/01/31  v 3.6
) (c:/texlive/2025/texmf-dist/tex/latex/caption/subcaption.sty
Package: subcaption 2023/07/28 v1.6b Sub-captions (AR)
 (c:/texlive/2025/texmf-dist/tex/latex/caption/caption.sty
Package: caption 2023/08/05 v3.6o Customizing captions (AR)
 (c:/texlive/2025/texmf-dist/tex/latex/caption/caption3.sty
Package: caption3 2023/07/31 v2.4d caption3 kernel (AR)
\caption@tempdima=\dimen174
\captionmargin=\dimen175
\caption@leftmargin=\dimen176
\caption@rightmargin=\dimen177
\caption@width=\dimen178
\caption@indent=\dimen179
\caption@parindent=\dimen180
\caption@hangindent=\dimen181
Package caption Info: Standard document class detected.
)
\c@caption@flags=\count293
\c@continuedfloat=\count294
Package caption Info: wrapfig package is loaded.
)
Package caption Info: New subtype `subfigure' on input line 238.
\c@subfigure=\count295
Package caption Info: New subtype `subtable' on input line 238.
\c@subtable=\count296
) (c:/texlive/2025/texmf-dist/tex/latex/booktabs/booktabs.sty
Package: booktabs 2020/01/12 v1.61803398 Publication quality tables
\heavyrulewidth=\dimen182
\lightrulewidth=\dimen183
\cmidrulewidth=\dimen184
\belowrulesep=\dimen185
\belowbottomsep=\dimen186
\aboverulesep=\dimen187
\abovetopsep=\dimen188
\cmidrulesep=\dimen189
\cmidrulekern=\dimen190
\defaultaddspace=\dimen191
\@cmidla=\count297
\@cmidlb=\count298
\@aboverulesep=\dimen192
\@belowrulesep=\dimen193
\@thisruleclass=\count299
\@lastruleclass=\count300
\@thisrulewidth=\dimen194
) (c:/texlive/2025/texmf-dist/tex/latex/multirow/multirow.sty
Package: multirow 2024/11/12 v2.9 Span multiple rows of a table
\multirow@colwidth=\skip65
\multirow@cntb=\count301
\multirow@dima=\skip66
\bigstrutjot=\dimen195
) (c:/texlive/2025/texmf-dist/tex/latex/makecell/makecell.sty
Package: makecell 2009/08/03 V0.1e Managing of Tab Column Heads and Cells
 (c:/texlive/2025/texmf-dist/tex/latex/tools/array.sty
Package: array 2024/10/17 v2.6g Tabular extension package (FMi)
\col@sep=\dimen196
\ar@mcellbox=\box56
\extrarowheight=\dimen197
\NC@list=\toks34
\extratabsurround=\skip67
\backup@length=\skip68
\ar@cellbox=\box57
)
\rotheadsize=\dimen198
\c@nlinenum=\count302
\TeXr@lab=\toks35
) (c:/texlive/2025/texmf-dist/tex/latex/tools/tabularx.sty
Package: tabularx 2023/12/11 v2.12a `tabularx' package (DPC)
\TX@col@width=\dimen199
\TX@old@table=\dimen256
\TX@old@col=\dimen257
\TX@target=\dimen258
\TX@delta=\dimen259
\TX@cols=\count303
\TX@ftn=\toks36
) (c:/texlive/2025/texmf-dist/tex/latex/adjustbox/adjustbox.sty
Package: adjustbox 2025/02/26 v1.3c Adjusting TeX boxes (trim, clip, ...)
 (c:/texlive/2025/texmf-dist/tex/latex/xkeyval/xkeyval.sty
Package: xkeyval 2022/06/16 v2.9 package option processing (HA)
 (c:/texlive/2025/texmf-dist/tex/generic/xkeyval/xkeyval.tex (c:/texlive/2025/texmf-dist/tex/generic/xkeyval/xkvutils.tex
\XKV@toks=\toks37
\XKV@tempa@toks=\toks38
)
\XKV@depth=\count304
File: xkeyval.tex 2014/12/03 v2.7a key=value parser (HA)
)) (c:/texlive/2025/texmf-dist/tex/latex/adjustbox/adjcalc.sty
Package: adjcalc 2012/05/16 v1.1 Provides advanced setlength with multiple back-ends (calc, etex, pgfmath)
) (c:/texlive/2025/texmf-dist/tex/latex/adjustbox/trimclip.sty
Package: trimclip 2025/02/21 v1.2a Trim and clip general TeX material
 (c:/texlive/2025/texmf-dist/tex/latex/collectbox/collectbox.sty
Package: collectbox 2022/10/17 v0.4c Collect macro arguments as boxes
\collectedbox=\box58
)
\tc@llx=\dimen260
\tc@lly=\dimen261
\tc@urx=\dimen262
\tc@ury=\dimen263
Package trimclip Info: Using driver 'tc-pdftex.def'.
 (c:/texlive/2025/texmf-dist/tex/latex/adjustbox/tc-pdftex.def
File: tc-pdftex.def 2025/02/26 v2.3 Clipping driver for pdftex
))
\adjbox@Width=\dimen264
\adjbox@Height=\dimen265
\adjbox@Depth=\dimen266
\adjbox@Totalheight=\dimen267
\adjbox@pwidth=\dimen268
\adjbox@pheight=\dimen269
\adjbox@pdepth=\dimen270
\adjbox@ptotalheight=\dimen271
 (c:/texlive/2025/texmf-dist/tex/latex/ifoddpage/ifoddpage.sty
Package: ifoddpage 2022/10/18 v1.2 Conditionals for odd/even page detection
\c@checkoddpage=\count305
) (c:/texlive/2025/texmf-dist/tex/latex/varwidth/varwidth.sty
Package: varwidth 2009/03/30 ver 0.92;  Variable-width minipages
\@vwid@box=\box59
\sift@deathcycles=\count306
\@vwid@loff=\dimen272
\@vwid@roff=\dimen273
)) (c:/texlive/2025/texmf-dist/tex/latex/enumitem/enumitem.sty
Package: enumitem 2025/02/06 v3.11 Customized lists
\labelindent=\skip69
\enit@outerparindent=\dimen274
\enit@toks=\toks39
\enit@inbox=\box60
\enit@count@id=\count307
\enitdp@description=\count308
) (c:/texlive/2025/texmf-dist/tex/latex/ragged2e/ragged2e.sty
Package: ragged2e 2023/06/22 v3.6 ragged2e Package
\CenteringLeftskip=\skip70
\RaggedLeftLeftskip=\skip71
\RaggedRightLeftskip=\skip72
\CenteringRightskip=\skip73
\RaggedLeftRightskip=\skip74
\RaggedRightRightskip=\skip75
\CenteringParfillskip=\skip76
\RaggedLeftParfillskip=\skip77
\RaggedRightParfillskip=\skip78
\JustifyingParfillskip=\skip79
\CenteringParindent=\skip80
\RaggedLeftParindent=\skip81
\RaggedRightParindent=\skip82
\JustifyingParindent=\skip83
) (c:/texlive/2025/texmf-dist/tex/latex/units/nicefrac.sty
Package: nicefrac 1998/08/04 v0.9b Nice fractions
\L@UnitsRaiseDisplaystyle=\skip84
\L@UnitsRaiseTextstyle=\skip85
\L@UnitsRaiseScriptstyle=\skip86
 (c:/texlive/2025/texmf-dist/tex/latex/base/ifthen.sty
Package: ifthen 2024/03/16 v1.1e Standard LaTeX ifthen package (DPC)
)) (c:/texlive/2025/texmf-dist/tex/latex/microtype/microtype.sty
Package: microtype 2025/02/11 v3.2a Micro-typographical refinements (RS)
 (c:/texlive/2025/texmf-dist/tex/latex/etoolbox/etoolbox.sty
Package: etoolbox 2025/02/11 v2.5l e-TeX tools for LaTeX (JAW)
\etb@tempcnta=\count309
)
\MT@toks=\toks40
\MT@tempbox=\box61
\MT@count=\count310
LaTeX Info: Redefining \noprotrusionifhmode on input line 1087.
LaTeX Info: Redefining \leftprotrusion on input line 1088.
\MT@prot@toks=\toks41
LaTeX Info: Redefining \rightprotrusion on input line 1107.
LaTeX Info: Redefining \textls on input line 1449.
\MT@outer@kern=\dimen275
LaTeX Info: Redefining \microtypecontext on input line 2053.
LaTeX Info: Redefining \textmicrotypecontext on input line 2070.
\MT@listname@count=\count311
 (c:/texlive/2025/texmf-dist/tex/latex/microtype/microtype-pdftex.def
File: microtype-pdftex.def 2025/02/11 v3.2a Definitions specific to pdftex (RS)
LaTeX Info: Redefining \lsstyle on input line 944.
LaTeX Info: Redefining \lslig on input line 944.
\MT@outer@space=\skip87
)
Package microtype Info: Loading configuration file microtype.cfg.
 (c:/texlive/2025/texmf-dist/tex/latex/microtype/microtype.cfg
File: microtype.cfg 2025/02/11 v3.2a microtype main configuration file (RS)
)
LaTeX Info: Redefining \microtypesetup on input line 3065.
) (c:/texlive/2025/texmf-dist/tex/latex/xcolor/xcolor.sty
Package: xcolor 2024/09/29 v3.02 LaTeX color extensions (UK)
 (c:/texlive/2025/texmf-dist/tex/latex/graphics-cfg/color.cfg
File: color.cfg 2016/01/02 v1.6 sample color configuration
)
Package xcolor Info: Driver file: pdftex.def on input line 274.
 (c:/texlive/2025/texmf-dist/tex/latex/graphics/mathcolor.ltx)
Package xcolor Info: Model `cmy' substituted by `cmy0' on input line 1349.
Package xcolor Info: Model `hsb' substituted by `rgb' on input line 1353.
Package xcolor Info: Model `RGB' extended on input line 1365.
Package xcolor Info: Model `HTML' substituted by `rgb' on input line 1367.
Package xcolor Info: Model `Hsb' substituted by `hsb' on input line 1368.
Package xcolor Info: Model `tHsb' substituted by `hsb' on input line 1369.
Package xcolor Info: Model `HSB' substituted by `hsb' on input line 1370.
Package xcolor Info: Model `Gray' substituted by `gray' on input line 1371.
Package xcolor Info: Model `wave' substituted by `hsb' on input line 1372.
) (c:/texlive/2025/texmf-dist/tex/latex/graphics/dvipsnam.def
File: dvipsnam.def 2016/06/17 v3.0m Driver-dependent file (DPC,SPQR)
) (c:/texlive/2025/texmf-dist/tex/latex/psnfss/pifont.sty
Package: pifont 2020/03/25 PSNFSS-v9.3 Pi font support (SPQR) 
LaTeX Font Info:    Trying to load font information for U+pzd on input line 63.
 (c:/texlive/2025/texmf-dist/tex/latex/psnfss/upzd.fd
File: upzd.fd 2001/06/04 font definitions for U/pzd.
)
LaTeX Font Info:    Trying to load font information for U+psy on input line 64.
 (c:/texlive/2025/texmf-dist/tex/latex/psnfss/upsy.fd
File: upsy.fd 2001/06/04 font definitions for U/psy.
)) (c:/texlive/2025/texmf-dist/tex/generic/ulem/ulem.sty
\UL@box=\box62
\UL@hyphenbox=\box63
\UL@skip=\skip88
\UL@hook=\toks42
\UL@height=\dimen276
\UL@pe=\count312
\UL@pixel=\dimen277
\ULC@box=\box64
Package: ulem 2019/11/18
\ULdepth=\dimen278
) (c:/texlive/2025/texmf-dist/tex/latex/algorithms/algorithm.sty
Package: algorithm 2009/08/24 v0.1 Document Style `algorithm' - floating environment
 (c:/texlive/2025/texmf-dist/tex/latex/float/float.sty
Package: float 2001/11/08 v1.3d Float enhancements (AL)
\c@float@type=\count313
\float@exts=\toks43
\float@box=\box65
\@float@everytoks=\toks44
\@floatcapt=\box66
)
\@float@every@algorithm=\toks45
\c@algorithm=\count314
) (c:/texlive/2025/texmf-dist/tex/latex/algorithms/algorithmic.sty
Package: algorithmic 2009/08/24 v0.1 Document Style `algorithmic'
\c@ALC@unique=\count315
\c@ALC@line=\count316
\c@ALC@rem=\count317
\c@ALC@depth=\count318
\ALC@tlm=\skip89
\algorithmicindent=\skip90
) (c:/texlive/2025/texmf-dist/tex/latex/hyperref/hyperref.sty
Package: hyperref 2024-11-05 v7.01l Hypertext links for LaTeX
 (c:/texlive/2025/texmf-dist/tex/latex/kvsetkeys/kvsetkeys.sty
Package: kvsetkeys 2022-10-05 v1.19 Key value parser (HO)
) (c:/texlive/2025/texmf-dist/tex/generic/kvdefinekeys/kvdefinekeys.sty
Package: kvdefinekeys 2019-12-19 v1.6 Define keys (HO)
) (c:/texlive/2025/texmf-dist/tex/generic/pdfescape/pdfescape.sty
Package: pdfescape 2019/12/09 v1.15 Implements pdfTeX's escape features (HO)
 (c:/texlive/2025/texmf-dist/tex/generic/ltxcmds/ltxcmds.sty
Package: ltxcmds 2023-12-04 v1.26 LaTeX kernel commands for general use (HO)
) (c:/texlive/2025/texmf-dist/tex/generic/pdftexcmds/pdftexcmds.sty
Package: pdftexcmds 2020-06-27 v0.33 Utility functions of pdfTeX for LuaTeX (HO)
 (c:/texlive/2025/texmf-dist/tex/generic/infwarerr/infwarerr.sty
Package: infwarerr 2019/12/03 v1.5 Providing info/warning/error messages (HO)
)
Package pdftexcmds Info: \pdf@primitive is available.
Package pdftexcmds Info: \pdf@ifprimitive is available.
Package pdftexcmds Info: \pdfdraftmode found.
)) (c:/texlive/2025/texmf-dist/tex/latex/hycolor/hycolor.sty
Package: hycolor 2020-01-27 v1.10 Color options for hyperref/bookmark (HO)
) (c:/texlive/2025/texmf-dist/tex/latex/hyperref/nameref.sty
Package: nameref 2023-11-26 v2.56 Cross-referencing by name of section
 (c:/texlive/2025/texmf-dist/tex/latex/refcount/refcount.sty
Package: refcount 2019/12/15 v3.6 Data extraction from label references (HO)
) (c:/texlive/2025/texmf-dist/tex/generic/gettitlestring/gettitlestring.sty
Package: gettitlestring 2019/12/15 v1.6 Cleanup title references (HO)
 (c:/texlive/2025/texmf-dist/tex/latex/kvoptions/kvoptions.sty
Package: kvoptions 2022-06-15 v3.15 Key value format for package options (HO)
))
\c@section@level=\count319
) (c:/texlive/2025/texmf-dist/tex/generic/stringenc/stringenc.sty
Package: stringenc 2019/11/29 v1.12 Convert strings between diff. encodings (HO)
)
\@linkdim=\dimen279
\Hy@linkcounter=\count320
\Hy@pagecounter=\count321
 (c:/texlive/2025/texmf-dist/tex/latex/hyperref/pd1enc.def
File: pd1enc.def 2024-11-05 v7.01l Hyperref: PDFDocEncoding definition (HO)
Now handling font encoding PD1 ...
... no UTF-8 mapping file for font encoding PD1
) (c:/texlive/2025/texmf-dist/tex/generic/intcalc/intcalc.sty
Package: intcalc 2019/12/15 v1.3 Expandable calculations with integers (HO)
)
\Hy@SavedSpaceFactor=\count322
 (c:/texlive/2025/texmf-dist/tex/latex/hyperref/puenc.def
File: puenc.def 2024-11-05 v7.01l Hyperref: PDF Unicode definition (HO)
Now handling font encoding PU ...
... no UTF-8 mapping file for font encoding PU
)
Package hyperref Info: Hyper figures OFF on input line 4157.
Package hyperref Info: Link nesting OFF on input line 4162.
Package hyperref Info: Hyper index ON on input line 4165.
Package hyperref Info: Plain pages OFF on input line 4172.
Package hyperref Info: Backreferencing OFF on input line 4177.
Package hyperref Info: Implicit mode ON; LaTeX internals redefined.
Package hyperref Info: Bookmarks ON on input line 4424.
\c@Hy@tempcnt=\count323
 (c:/texlive/2025/texmf-dist/tex/latex/url/url.sty
\Urlmuskip=\muskip18
Package: url 2013/09/16  ver 3.4  Verb mode for urls, etc.
)
LaTeX Info: Redefining \url on input line 4763.
\XeTeXLinkMargin=\dimen280
 (c:/texlive/2025/texmf-dist/tex/generic/bitset/bitset.sty
Package: bitset 2019/12/09 v1.3 Handle bit-vector datatype (HO)
 (c:/texlive/2025/texmf-dist/tex/generic/bigintcalc/bigintcalc.sty
Package: bigintcalc 2019/12/15 v1.5 Expandable calculations on big integers (HO)
))
\Fld@menulength=\count324
\Field@Width=\dimen281
\Fld@charsize=\dimen282
Package hyperref Info: Hyper figures OFF on input line 6042.
Package hyperref Info: Link nesting OFF on input line 6047.
Package hyperref Info: Hyper index ON on input line 6050.
Package hyperref Info: backreferencing OFF on input line 6057.
Package hyperref Info: Link coloring OFF on input line 6062.
Package hyperref Info: Link coloring with OCG OFF on input line 6067.
Package hyperref Info: PDF/A mode OFF on input line 6072.
 (c:/texlive/2025/texmf-dist/tex/latex/base/atbegshi-ltx.sty
Package: atbegshi-ltx 2021/01/10 v1.0c Emulation of the original atbegshi
package with kernel methods
)
\Hy@abspage=\count325
\c@Item=\count326
\c@Hfootnote=\count327
)
Package hyperref Info: Driver (autodetected): hpdftex.
 (c:/texlive/2025/texmf-dist/tex/latex/hyperref/hpdftex.def
File: hpdftex.def 2024-11-05 v7.01l Hyperref driver for pdfTeX
 (c:/texlive/2025/texmf-dist/tex/latex/base/atveryend-ltx.sty
Package: atveryend-ltx 2020/08/19 v1.0a Emulation of the original atveryend package
with kernel methods
)
\Fld@listcount=\count328
\c@bookmark@seq@number=\count329
 (c:/texlive/2025/texmf-dist/tex/latex/rerunfilecheck/rerunfilecheck.sty
Package: rerunfilecheck 2022-07-10 v1.10 Rerun checks for auxiliary files (HO)
 (c:/texlive/2025/texmf-dist/tex/generic/uniquecounter/uniquecounter.sty
Package: uniquecounter 2019/12/15 v1.4 Provide unlimited unique counter (HO)
)
Package uniquecounter Info: New unique counter `rerunfilecheck' on input line 285.
)
\Hy@SectionHShift=\skip91
) (c:/texlive/2025/texmf-dist/tex/latex/cleveref/cleveref.sty
Package: cleveref 2018/03/27 v0.21.4 Intelligent cross-referencing
Package cleveref Info: `hyperref' support loaded on input line 2370.
LaTeX Info: Redefining \cref on input line 2370.
LaTeX Info: Redefining \Cref on input line 2370.
LaTeX Info: Redefining \crefrange on input line 2370.
LaTeX Info: Redefining \Crefrange on input line 2370.
LaTeX Info: Redefining \cpageref on input line 2370.
LaTeX Info: Redefining \Cpageref on input line 2370.
LaTeX Info: Redefining \cpagerefrange on input line 2370.
LaTeX Info: Redefining \Cpagerefrange on input line 2370.
LaTeX Info: Redefining \labelcref on input line 2370.
LaTeX Info: Redefining \labelcpageref on input line 2370.
Package cleveref Info: `amsthm' support loaded on input line 3026.
Package cleveref Info: always capitalise cross-reference names on input line 7830.
Package cleveref Info: always capitalise cross-reference names on input line 7852.
Package cleveref Info: no abbreviation of names on input line 7852.
) (c:/texlive/2025/texmf-dist/tex/latex/footmisc/footmisc.sty
Package: footmisc 2024/12/24 v6.0g a miscellany of footnote facilities
\FN@temptoken=\toks46
\footnotemargin=\dimen283
\@outputbox@depth=\dimen284
\FN@tempboxb=\box67
\FN@tempboxc=\box68
\footglue=\skip92
\footnotebaselineskip=\dimen285
Package footmisc Info: Declaring symbol style bringhurst on input line 699.
Package footmisc Info: Declaring symbol style chicago on input line 707.
Package footmisc Info: Declaring symbol style wiley on input line 716.
Package footmisc Info: Declaring symbol style lamport-robust on input line 727.
Package footmisc Info: Declaring symbol style lamport* on input line 747.
Package footmisc Info: Declaring symbol style lamport*-robust on input line 768.
) (c:/texlive/2025/texmf-dist/tex/latex/chngcntr/chngcntr.sty
Package: chngcntr 2018/04/09 v1.1a change counter resetting
Package chngcntr Info: \counterwithout already defined.
(chngcntr)             Quitting chngcntr on input line 21.
) (./math_commands.tex
LaTeX Font Info:    Overwriting math alphabet `\mathsfit' in version `bold'
(Font)                  T1/phv/m/sl --> T1/phv/bx/n on input line 314.
)
\c@theorem=\count330
 (c:/texlive/2025/texmf-dist/tex/latex/l3backend/l3backend-pdftex.def
File: l3backend-pdftex.def 2024-05-08 L3 backend support: PDF output (pdfTeX)
\l__color_backend_stack_int=\count331
\l__pdf_internal_box=\box69
) (./arxiv.aux)
\openout1 = `arxiv.aux'.

LaTeX Font Info:    Checking defaults for OML/cmm/m/it on input line 119.
LaTeX Font Info:    ... okay on input line 119.
LaTeX Font Info:    Checking defaults for OMS/cmsy/m/n on input line 119.
LaTeX Font Info:    ... okay on input line 119.
LaTeX Font Info:    Checking defaults for OT1/cmr/m/n on input line 119.
LaTeX Font Info:    ... okay on input line 119.
LaTeX Font Info:    Checking defaults for T1/cmr/m/n on input line 119.
LaTeX Font Info:    ... okay on input line 119.
LaTeX Font Info:    Checking defaults for TS1/cmr/m/n on input line 119.
LaTeX Font Info:    ... okay on input line 119.
LaTeX Font Info:    Checking defaults for OMX/cmex/m/n on input line 119.
LaTeX Font Info:    ... okay on input line 119.
LaTeX Font Info:    Checking defaults for U/cmr/m/n on input line 119.
LaTeX Font Info:    ... okay on input line 119.
LaTeX Font Info:    Checking defaults for PD1/pdf/m/n on input line 119.
LaTeX Font Info:    ... okay on input line 119.
LaTeX Font Info:    Checking defaults for PU/pdf/m/n on input line 119.
LaTeX Font Info:    ... okay on input line 119.

*geometry* driver: auto-detecting
*geometry* detected driver: pdftex
*geometry* verbose mode - [ preamble ] result:
* driver: pdftex
* paper: letterpaper
* layout: <same size as paper>
* layoutoffset:(h,v)=(0.0pt,0.0pt)
* modes: 
* h-part:(L,W,R)=(92.14519pt, 430.00462pt, 92.14519pt)
* v-part:(T,H,B)=(95.39737pt, 556.47656pt, 143.09605pt)
* \paperwidth=614.295pt
* \paperheight=794.96999pt
* \textwidth=430.00462pt
* \textheight=556.47656pt
* \oddsidemargin=19.8752pt
* \evensidemargin=19.8752pt
* \topmargin=-13.87262pt
* \headheight=12.0pt
* \headsep=25.0pt
* \topskip=10.0pt
* \footskip=30.0pt
* \marginparwidth=65.0pt
* \marginparsep=11.0pt
* \columnsep=10.0pt
* \skip\footins=9.0pt plus 4.0pt minus 2.0pt
* \hoffset=0.0pt
* \voffset=0.0pt
* \mag=1000
* \@twocolumnfalse
* \@twosidefalse
* \@mparswitchfalse
* \@reversemarginfalse
* (1in=72.27pt=25.4mm, 1cm=28.453pt)

*geometry* verbose mode - [ newgeometry ] result:
* driver: pdftex
* paper: letterpaper
* layout: <same size as paper>
* layoutoffset:(h,v)=(0.0pt,0.0pt)
* modes: 
* h-part:(L,W,R)=(108.405pt, 397.48499pt, 108.40501pt)
* v-part:(T,H,B)=(72.26999pt, 650.43pt, 72.27pt)
* \paperwidth=614.295pt
* \paperheight=794.96999pt
* \textwidth=397.48499pt
* \textheight=650.43pt
* \oddsidemargin=36.13501pt
* \evensidemargin=36.13501pt
* \topmargin=-37.0pt
* \headheight=12.0pt
* \headsep=25.0pt
* \topskip=10.0pt
* \footskip=30.0pt
* \marginparwidth=65.0pt
* \marginparsep=11.0pt
* \columnsep=10.0pt
* \skip\footins=9.0pt plus 4.0pt minus 2.0pt
* \hoffset=0.0pt
* \voffset=0.0pt
* \mag=1000
* \@twocolumnfalse
* \@twosidefalse
* \@mparswitchfalse
* \@reversemarginfalse
* (1in=72.27pt=25.4mm, 1cm=28.453pt)

(c:/texlive/2025/texmf-dist/tex/context/base/mkii/supp-pdf.mkii
[Loading MPS to PDF converter (version 2006.09.02).]
\scratchcounter=\count332
\scratchdimen=\dimen286
\scratchbox=\box70
\nofMPsegments=\count333
\nofMParguments=\count334
\everyMPshowfont=\toks47
\MPscratchCnt=\count335
\MPscratchDim=\dimen287
\MPnumerator=\count336
\makeMPintoPDFobject=\count337
\everyMPtoPDFconversion=\toks48
) (c:/texlive/2025/texmf-dist/tex/latex/epstopdf-pkg/epstopdf-base.sty
Package: epstopdf-base 2020-01-24 v2.11 Base part for package epstopdf
Package epstopdf-base Info: Redefining graphics rule for `.eps' on input line 485.
 (c:/texlive/2025/texmf-dist/tex/latex/latexconfig/epstopdf-sys.cfg
File: epstopdf-sys.cfg 2010/07/13 v1.3 Configuration of (r)epstopdf for TeX Live
))
Package caption Info: Begin \AtBeginDocument code.
Package caption Info: float package is loaded.
Package caption Info: hyperref package is loaded.
Package caption Info: End \AtBeginDocument code.
Package microtype Info: Patching varwidth to enable character protrusion.
\MT@vwid@leftmargin=\dimen288
\MT@vwid@rightmargin=\dimen289
LaTeX Info: Redefining \microtypecontext on input line 119.
Package microtype Info: Applying patch `item' on input line 119.
Package microtype Info: Applying patch `toc' on input line 119.
Package microtype Info: Applying patch `eqnum' on input line 119.
Package microtype Info: Applying patch `footnote' on input line 119.
Package microtype Info: Applying patch `verbatim' on input line 119.
LaTeX Info: Redefining \microtypesetup on input line 119.
Package microtype Info: Generating PDF output.
Package microtype Info: Character protrusion enabled (level 2).
Package microtype Info: Using default protrusion set `alltext'.
Package microtype Info: Automatic font expansion enabled (level 2),
(microtype)             stretch: 20, shrink: 20, step: 1, non-selected.
Package microtype Info: Using default expansion set `alltext-nott'.
LaTeX Info: Redefining \showhyphens on input line 119.
Package microtype Info: No adjustment of tracking.
Package microtype Info: No adjustment of interword spacing.
Package microtype Info: No adjustment of character kerning.
 (c:/texlive/2025/texmf-dist/tex/latex/microtype/mt-ptm.cfg
File: mt-ptm.cfg 2006/04/20 v1.7 microtype config. file: Times (RS)
)
Package hyperref Info: Link coloring OFF on input line 119.
 (./arxiv.out) (./arxiv.out)
\@outlinefile=\write3
\openout3 = `arxiv.out'.

 (c:/texlive/2025/texmf-dist/tex/latex/microtype/mt-cmr.cfg
File: mt-cmr.cfg 2013/05/19 v2.2 microtype config. file: Computer Modern Roman (RS)
)
LaTeX Font Info:    Trying to load font information for U+msa on input line 124.
 (c:/texlive/2025/texmf-dist/tex/latex/amsfonts/umsa.fd
File: umsa.fd 2013/01/14 v3.01 AMS symbols A
) (c:/texlive/2025/texmf-dist/tex/latex/microtype/mt-msa.cfg
File: mt-msa.cfg 2006/02/04 v1.1 microtype config. file: AMS symbols (a) (RS)
)
LaTeX Font Info:    Trying to load font information for U+msb on input line 124.
 (c:/texlive/2025/texmf-dist/tex/latex/amsfonts/umsb.fd
File: umsb.fd 2013/01/14 v3.01 AMS symbols B
) (c:/texlive/2025/texmf-dist/tex/latex/microtype/mt-msb.cfg
File: mt-msb.cfg 2005/06/01 v1.0 microtype config. file: AMS symbols (b) (RS)
)
Package microtype Info: Loading generic protrusion settings for font family
(microtype)             `cmtt' (encoding: T1).
(microtype)             For optimal results, create family-specific settings.
(microtype)             See the microtype manual for details.
 (./sections/0_abstract.tex) (./sections/1_introduction.tex

[1


{c:/texlive/2025/texmf-var/fonts/map/pdftex/updmap/pdftex.map}{c:/texlive/2025/texmf-dist/fonts/enc/dvips/base/8r.enc}{c:/texlive/2025/texmf-dist/fonts/enc/dvips/cm-super/cm-super-t1.enc}]
<figs/benchmark_overall.pdf, id=175, 687.60887pt x 688.66324pt>
File: figs/benchmark_overall.pdf Graphic file (type pdf)
<use figs/benchmark_overall.pdf>
Package pdftex.def Info: figs/benchmark_overall.pdf  used on input line 12.
(pdftex.def)             Requested size: 198.7425pt x 199.04521pt.
) (./sections/2_related_work.tex
Underfull \vbox (badness 10000) has occurred while \output is active []



[2 <./figs/benchmark_overall.pdf>]) (./sections/3_dataset.tex

[3]
<figs/figure.pdf, id=310, 824.18124pt x 378.5282pt>
File: figs/figure.pdf Graphic file (type pdf)
<use figs/figure.pdf>
Package pdftex.def Info: figs/figure.pdf  used on input line 10.
(pdftex.def)             Requested size: 397.48499pt x 182.55785pt.
LaTeX Font Info:    Trying to load font information for TS1+ptm on input line 35.
 (c:/texlive/2025/texmf-dist/tex/latex/psnfss/ts1ptm.fd
File: ts1ptm.fd 2001/06/04 font definitions for TS1/ptm.
)

[4 <./figs/figure.pdf>]
<figs/benchmark_variables.pdf, id=347, 932.30186pt x 449.65994pt>
File: figs/benchmark_variables.pdf Graphic file (type pdf)
<use figs/benchmark_variables.pdf>
Package pdftex.def Info: figs/benchmark_variables.pdf  used on input line 68.
(pdftex.def)             Requested size: 278.23827pt x 134.19917pt.

Underfull \hbox (badness 4479) in paragraph at lines 74--75
\T1/ptm/m/n/10 (+20) di-ver-sity of the Causal-
 []


Underfull \hbox (badness 10000) in paragraph at lines 74--75
\T1/ptm/m/n/10 (+20) key statis-tics sum-ma-
 []


Underfull \hbox (badness 10000) in paragraph at lines 74--75
\T1/ptm/m/n/10 (+20) riz-ing its com-po-si-tion.
 []


Underfull \hbox (badness 10000) in paragraph at lines 74--75
\T1/ptm/m/n/10 (+20) In to-tal, Causal-Verse
 []


Underfull \hbox (badness 10000) in paragraph at lines 74--75
\T1/ptm/m/n/10 (+20) con-tains around 200k
 []


Underfull \hbox (badness 10000) in paragraph at lines 74--75
\T1/ptm/m/n/10 (+20) high-resolution im-ages
 []


Underfull \hbox (badness 1735) in paragraph at lines 74--75
\T1/ptm/m/n/10 (+20) and around 140k videos
 []


Underfull \hbox (badness 5374) in paragraph at lines 74--75
\T1/ptm/m/n/10 (+20) 24 metic-u-lously cu-rated
 []


Underfull \hbox (badness 10000) in paragraph at lines 74--75
\T1/ptm/m/n/10 (+20) scenes span-ning four
 []


Underfull \hbox (badness 10000) in paragraph at lines 74--75
\T1/ptm/m/n/10 (+20) static im-age gen-er-a-tion,
 []

<figs/benchmark_pie21.pdf, id=350, 886.77728pt x 808.1653pt>
File: figs/benchmark_pie21.pdf Graphic file (type pdf)
<use figs/benchmark_pie21.pdf>
Package pdftex.def Info: figs/benchmark_pie21.pdf  used on input line 79.
(pdftex.def)             Requested size: 278.23827pt x 253.57455pt.


[5 <./figs/benchmark_variables.pdf>]
Underfull \hbox (badness 10000) in paragraph at lines 85--87
[][]\T1/ptm/m/n/10 (+20) Each scene com-prises
 []


Underfull \hbox (badness 10000) in paragraph at lines 85--87
\T1/ptm/m/n/10 (+20) hun-dreds to thou-sands
 []


Underfull \hbox (badness 10000) in paragraph at lines 85--87
\T1/ptm/m/n/10 (+20) of sam-ples with video
 []


Underfull \hbox (badness 10000) in paragraph at lines 85--87
\T1/ptm/m/n/10 (+20) ac-com-mo-dat-ing model
 []


Underfull \hbox (badness 6658) in paragraph at lines 85--87
\T1/ptm/m/n/10 (+20) train-ing across dif-fer-ent
 []


Underfull \hbox (badness 1320) in paragraph at lines 85--87
\T1/ptm/m/n/10 (+20) is gov-erned by a set of
 []


Underfull \hbox (badness 3668) in paragraph at lines 85--87
\T1/ptm/m/n/10 (+20) 100, en-com-pass-ing both
 []


Underfull \hbox (badness 10000) in paragraph at lines 85--87
\T1/ptm/m/n/10 (+20) ob-ject types, ma-te-rial
 []


Underfull \hbox (badness 6944) in paragraph at lines 85--87
\T1/ptm/m/n/10 (+20) vari-ables (e.g., ve-loc-ity,
 []


Underfull \hbox (badness 1231) in paragraph at lines 85--87
\T1/ptm/m/n/10 (+20) the vari-ables present per
 []

<figs/benchmark_pipe.pdf, id=372, 829.87169pt x 233.42006pt>
File: figs/benchmark_pipe.pdf Graphic file (type pdf)
<use figs/benchmark_pipe.pdf>
Package pdftex.def Info: figs/benchmark_pipe.pdf  used on input line 99.
(pdftex.def)             Requested size: 377.60951pt x 106.21341pt.


[6 <./figs/benchmark_pie21.pdf>]

[7 <./figs/benchmark_pipe.pdf>]) (./sections/4_evaluate.tex
Overfull \hbox (2.38959pt too wide) in paragraph at lines 54--72
 [][] 
 []



[8]

[9]
<figs/experiments/1.pdf, id=499, 215.32445pt x 142.96286pt>
File: figs/experiments/1.pdf Graphic file (type pdf)
<use figs/experiments/1.pdf>
Package pdftex.def Info: figs/experiments/1.pdf  used on input line 173.
(pdftex.def)             Requested size: 119.2467pt x 79.17299pt.
) (./sections/5_conclusion.tex) (./sections/ACK.tex

[10 <./figs/experiments/1.pdf>]) (./arxiv.bbl

[11]
Underfull \hbox (badness 10000) in paragraph at lines 147--151
[]\T1/ptm/m/n/10 (+20) Brian Karis.  Real shad-ing in Un-real En-gine 4.  In \T1/ptm/m/it/10 (+20) SIG-GRAPH 2013
 []


Underfull \hbox (badness 10000) in paragraph at lines 147--151
\T1/ptm/m/it/10 (+20) Course Notes: Phys-i-cally Based Shad-ing in The-ory and Prac-tice\T1/ptm/m/n/10 (+20) . Epic
 []


Underfull \hbox (badness 10000) in paragraph at lines 147--151
\T1/ptm/m/n/10 (+20) Games, 2013.  URL []$\T1/cmtt/m/n/10 https : / / cdn2 . unrealengine . com / Resources / files /
 []



[12]

[13])

[14] (./sections/6_appendix.tex

[15

]

[16] (./sections/appendix/data_detail.tex
Overfull \hbox (4.1658pt too wide) in paragraph at lines 20--20
 []|\T1/ptm/b/n/10 (-20) Showcases| 
 []


Overfull \hbox (4.60245pt too wide) in paragraph at lines 20--20
 []|\T1/ptm/m/n/10 (-20) Figures []B.1[] 
 []

File: figs/causal_graph/1.png Graphic file (type png)
<use figs/causal_graph/1.png>
Package pdftex.def Info: figs/causal_graph/1.png  used on input line 20.
(pdftex.def)             Requested size: 128.0374pt x 128.04564pt.

Overfull \hbox (17.55537pt too wide) in alignment at lines 20--20
[][][][] 
 []


Overfull \hbox (7.2639pt too wide) in paragraph at lines 59--60
 [] 
 []

<figs/causal_graph/2.png, id=677, 190.968pt x 190.968pt>
File: figs/causal_graph/2.png Graphic file (type png)
<use figs/causal_graph/2.png>
Package pdftex.def Info: figs/causal_graph/2.png  used on input line 61.
(pdftex.def)             Requested size: 99.58464pt x 99.58656pt.

Overfull \hbox (9.47372pt too wide) in paragraph at lines 63--65
 [] 
 []

<figs/causal_graph/3.png, id=679, 190.968pt x 190.968pt>
File: figs/causal_graph/3.png Graphic file (type png)
<use figs/causal_graph/3.png>
Package pdftex.def Info: figs/causal_graph/3.png  used on input line 66.
(pdftex.def)             Requested size: 99.58464pt x 99.58656pt.
<figs/causal_graph/4.png, id=681, 190.968pt x 190.749pt>
File: figs/causal_graph/4.png Graphic file (type png)
<use figs/causal_graph/4.png>
Package pdftex.def Info: figs/causal_graph/4.png  used on input line 71.
(pdftex.def)             Requested size: 99.58464pt x 99.47237pt.
<figs/causal_graph/5.png, id=683, 190.968pt x 190.968pt>
File: figs/causal_graph/5.png Graphic file (type png)
<use figs/causal_graph/5.png>
Package pdftex.def Info: figs/causal_graph/5.png  used on input line 76.
(pdftex.def)             Requested size: 99.58464pt x 99.58656pt.


[17 <./figs/causal_graph/1.png>]
Underfull \vbox (badness 5817) has occurred while \output is active []



[18 <./figs/causal_graph/2.png> <./figs/causal_graph/3.png> <./figs/causal_graph/4.png> <./figs/causal_graph/5.png>]
File: figs/causal_graph_fall.pdf Graphic file (type pdf)
<use figs/causal_graph_fall.pdf>
Package pdftex.def Info: figs/causal_graph_fall.pdf  used on input line 141.
(pdftex.def)             Requested size: 179.25244pt x 75.35107pt.
File: figs/causal_graph_projectile.pdf Graphic file (type pdf)
<use figs/causal_graph_projectile.pdf>
Package pdftex.def Info: figs/causal_graph_projectile.pdf  used on input line 141.
(pdftex.def)             Requested size: 179.25244pt x 83.52864pt.

Overfull \hbox (9.01988pt too wide) in alignment at lines 141--141
[][][][] 
 []


Overfull \hbox (5.791pt too wide) in paragraph at lines 161--161
 [] 
 []

File: figs/causal_graph_collision.pdf Graphic file (type pdf)
<use figs/causal_graph_collision.pdf>
Package pdftex.def Info: figs/causal_graph_collision.pdf  used on input line 161.
(pdftex.def)             Requested size: 179.25244pt x 107.28984pt.

Overfull \hbox (3.32942pt too wide) in alignment at lines 161--161
[][][][] 
 []


Overfull \hbox (3.19873pt too wide) in paragraph at lines 179--179
 []|\T1/ptm/b/n/10 (-20) Showcase| 
 []


Overfull \hbox (9.28537pt too wide) in paragraph at lines 179--179
 []|\T1/ptm/m/n/10 (-20) Figure []B.10[] 
 []

File: figs/causal_graph_robotics.pdf Graphic file (type pdf)
<use figs/causal_graph_robotics.pdf>
Package pdftex.def Info: figs/causal_graph_robotics.pdf  used on input line 179.
(pdftex.def)             Requested size: 179.25244pt x 151.03409pt.

Overfull \hbox (3.32942pt too wide) in alignment at lines 179--179
[][][][] 
 []


Overfull \hbox (3.19873pt too wide) in paragraph at lines 197--197
 []|\T1/ptm/b/n/10 (-20) Showcase| 
 []


Overfull \hbox (9.28537pt too wide) in paragraph at lines 197--197
 []|\T1/ptm/m/n/10 (-20) Figure []B.15[] 
 []

File: figs/traffic_cfg_new.png Graphic file (type png)
<use figs/traffic_cfg_new.png>
Package pdftex.def Info: figs/traffic_cfg_new.png  used on input line 197.
(pdftex.def)             Requested size: 179.25244pt x 90.50218pt.

Overfull \hbox (3.32942pt too wide) in alignment at lines 197--197
[][][][] 
 []

<figs/data/Static_Image_Generation/static-human-1.pdf, id=747, 963.6pt x 542.025pt>
File: figs/data/Static_Image_Generation/static-human-1.pdf Graphic file (type pdf)
<use figs/data/Static_Image_Generation/static-human-1.pdf>
Package pdftex.def Info: figs/data/Static_Image_Generation/static-human-1.pdf  used on input line 206.
(pdftex.def)             Requested size: 397.48499pt x 223.57979pt.
<figs/data/Static_Image_Generation/static-human-2.pdf, id=748, 963.6pt x 542.025pt>
File: figs/data/Static_Image_Generation/static-human-2.pdf Graphic file (type pdf)
<use figs/data/Static_Image_Generation/static-human-2.pdf>
Package pdftex.def Info: figs/data/Static_Image_Generation/static-human-2.pdf  used on input line 215.
(pdftex.def)             Requested size: 397.48499pt x 223.57979pt.
<figs/data/Dynamic_physical_simulations-Image/Spring_00.jpg, id=749, 747.63315pt x 430.7292pt>
File: figs/data/Dynamic_physical_simulations-Image/Spring_00.jpg Graphic file (type jpg)
<use figs/data/Dynamic_physical_simulations-Image/Spring_00.jpg>
Package pdftex.def Info: figs/data/Dynamic_physical_simulations-Image/Spring_00.jpg  used on input line 225.
(pdftex.def)             Requested size: 397.48499pt x 229.00177pt.
<figs/data/Dynamic_physical_simulations-Image/re_00.jpg, id=750, 749.07855pt x 431.09055pt>
File: figs/data/Dynamic_physical_simulations-Image/re_00.jpg Graphic file (type jpg)
<use figs/data/Dynamic_physical_simulations-Image/re_00.jpg>
Package pdftex.def Info: figs/data/Dynamic_physical_simulations-Image/re_00.jpg  used on input line 232.
(pdftex.def)             Requested size: 397.48499pt x 228.75316pt.
<figs/data/Dynamic_physical_simulations-Image/slope_00.jpg, id=751, 749.07855pt x 430.7292pt>
File: figs/data/Dynamic_physical_simulations-Image/slope_00.jpg Graphic file (type jpg)
<use figs/data/Dynamic_physical_simulations-Image/slope_00.jpg>
Package pdftex.def Info: figs/data/Dynamic_physical_simulations-Image/slope_00.jpg  used on input line 239.
(pdftex.def)             Requested size: 397.48499pt x 228.56143pt.
<figs/data/Dynamic_physical_simulations-Image/fall_00.jpg, id=752, 373.6359pt x 215.3646pt>
File: figs/data/Dynamic_physical_simulations-Image/fall_00.jpg Graphic file (type jpg)
<use figs/data/Dynamic_physical_simulations-Image/fall_00.jpg>
Package pdftex.def Info: figs/data/Dynamic_physical_simulations-Image/fall_00.jpg  used on input line 246.
(pdftex.def)             Requested size: 397.48499pt x 229.11678pt.
<figs/data/Dynamic_Physical_Simulation_Video/sample_fall4.pdf, id=753, 2102.85625pt x 1185.42876pt>
File: figs/data/Dynamic_Physical_Simulation_Video/sample_fall4.pdf Graphic file (type pdf)
<use figs/data/Dynamic_Physical_Simulation_Video/sample_fall4.pdf>
Package pdftex.def Info: figs/data/Dynamic_Physical_Simulation_Video/sample_fall4.pdf  used on input line 253.
(pdftex.def)             Requested size: 397.48499pt x 224.05807pt.
<figs/data/Dynamic_Physical_Simulation_Video/sample_projectile4.pdf, id=754, 2101.8525pt x 1193.45876pt>
File: figs/data/Dynamic_Physical_Simulation_Video/sample_projectile4.pdf Graphic file (type pdf)
<use figs/data/Dynamic_Physical_Simulation_Video/sample_projectile4.pdf>
Package pdftex.def Info: figs/data/Dynamic_Physical_Simulation_Video/sample_projectile4.pdf  used on input line 262.
(pdftex.def)             Requested size: 397.48499pt x 225.68509pt.
<figs/data/Dynamic_Physical_Simulation_Video/sample_collision4.pdf, id=755, 2100.84875pt x 1187.43625pt>
File: figs/data/Dynamic_Physical_Simulation_Video/sample_collision4.pdf Graphic file (type pdf)
<use figs/data/Dynamic_Physical_Simulation_Video/sample_collision4.pdf>
Package pdftex.def Info: figs/data/Dynamic_Physical_Simulation_Video/sample_collision4.pdf  used on input line 271.
(pdftex.def)             Requested size: 397.48499pt x 224.65494pt.
<figs/data/Dynamic_Physical_Simulation_Video/sample_kitchen4.pdf, id=756, 1133.23375pt x 736.7525pt>
File: figs/data/Dynamic_Physical_Simulation_Video/sample_kitchen4.pdf Graphic file (type pdf)
<use figs/data/Dynamic_Physical_Simulation_Video/sample_kitchen4.pdf>
Package pdftex.def Info: figs/data/Dynamic_Physical_Simulation_Video/sample_kitchen4.pdf  used on input line 280.
(pdftex.def)             Requested size: 397.48499pt x 258.41809pt.
<figs/data/Dynamic_Physical_Simulation_Video/sample_living.pdf, id=757, 1132.23pt x 736.7525pt>
File: figs/data/Dynamic_Physical_Simulation_Video/sample_living.pdf Graphic file (type pdf)
<use figs/data/Dynamic_Physical_Simulation_Video/sample_living.pdf>
Package pdftex.def Info: figs/data/Dynamic_Physical_Simulation_Video/sample_living.pdf  used on input line 287.
(pdftex.def)             Requested size: 397.48499pt x 258.64293pt.
<figs/data/Dynamic_Physical_Simulation_Video/sample_study.pdf, id=758, 1132.23pt x 736.7525pt>
File: figs/data/Dynamic_Physical_Simulation_Video/sample_study.pdf Graphic file (type pdf)
<use figs/data/Dynamic_Physical_Simulation_Video/sample_study.pdf>
Package pdftex.def Info: figs/data/Dynamic_Physical_Simulation_Video/sample_study.pdf  used on input line 294.
(pdftex.def)             Requested size: 397.48499pt x 258.64293pt.
<figs/data/Dynamic_Physical_Simulation_Video/sample_general4.pdf, id=759, 1132.23pt x 736.7525pt>
File: figs/data/Dynamic_Physical_Simulation_Video/sample_general4.pdf Graphic file (type pdf)
<use figs/data/Dynamic_Physical_Simulation_Video/sample_general4.pdf>
Package pdftex.def Info: figs/data/Dynamic_Physical_Simulation_Video/sample_general4.pdf  used on input line 301.
(pdftex.def)             Requested size: 397.48499pt x 258.64293pt.
<figs/data/Dynamic_Physical_Simulation_Video/sample_mobile.pdf, id=760, 639.38875pt x 338.26375pt>
File: figs/data/Dynamic_Physical_Simulation_Video/sample_mobile.pdf Graphic file (type pdf)
<use figs/data/Dynamic_Physical_Simulation_Video/sample_mobile.pdf>
Package pdftex.def Info: figs/data/Dynamic_Physical_Simulation_Video/sample_mobile.pdf  used on input line 309.
(pdftex.def)             Requested size: 397.48499pt x 210.28911pt.
<figs/data/Traffic_Situation/traffic-situation-2.pdf, id=761, 963.6pt x 371.23694pt>
File: figs/data/Traffic_Situation/traffic-situation-2.pdf Graphic file (type pdf)
<use figs/data/Traffic_Situation/traffic-situation-2.pdf>
Package pdftex.def Info: figs/data/Traffic_Situation/traffic-situation-2.pdf  used on input line 318.
(pdftex.def)             Requested size: 397.48499pt x 153.13145pt.
<figs/data/Traffic_Situation/traffic-situation-town01.pdf, id=762, 963.6pt x 371.23694pt>
File: figs/data/Traffic_Situation/traffic-situation-town01.pdf Graphic file (type pdf)
<use figs/data/Traffic_Situation/traffic-situation-town01.pdf>
Package pdftex.def Info: figs/data/Traffic_Situation/traffic-situation-town01.pdf  used on input line 328.
(pdftex.def)             Requested size: 397.48499pt x 153.13145pt.
<figs/data/Traffic_Situation/traffic-situation-1.pdf, id=763, 963.6pt x 371.23694pt>
File: figs/data/Traffic_Situation/traffic-situation-1.pdf Graphic file (type pdf)
<use figs/data/Traffic_Situation/traffic-situation-1.pdf>
Package pdftex.def Info: figs/data/Traffic_Situation/traffic-situation-1.pdf  used on input line 338.
(pdftex.def)             Requested size: 397.48499pt x 153.13145pt.
<figs/data/Traffic_Situation/traffic-situation-town04.pdf, id=764, 963.6pt x 371.23694pt>
File: figs/data/Traffic_Situation/traffic-situation-town04.pdf Graphic file (type pdf)
<use figs/data/Traffic_Situation/traffic-situation-town04.pdf>
Package pdftex.def Info: figs/data/Traffic_Situation/traffic-situation-town04.pdf  used on input line 348.
(pdftex.def)             Requested size: 397.48499pt x 153.13145pt.
<figs/data/Traffic_Situation/traffic-situation-3.pdf, id=765, 963.6pt x 371.23694pt>
File: figs/data/Traffic_Situation/traffic-situation-3.pdf Graphic file (type pdf)
<use figs/data/Traffic_Situation/traffic-situation-3.pdf>
Package pdftex.def Info: figs/data/Traffic_Situation/traffic-situation-3.pdf  used on input line 358.
(pdftex.def)             Requested size: 397.48499pt x 153.13145pt.
<figs/compare-image-2v2.pdf, id=766, 568.97566pt x 542.025pt>
File: figs/compare-image-2v2.pdf Graphic file (type pdf)
<use figs/compare-image-2v2.pdf>
Package pdftex.def Info: figs/compare-image-2v2.pdf  used on input line 369.
(pdftex.def)             Requested size: 397.48499pt x 378.654pt.
<figs/compare-video-2v2.pdf, id=767, 963.6pt x 542.025pt>
File: figs/compare-video-2v2.pdf Graphic file (type pdf)
<use figs/compare-video-2v2.pdf>
Package pdftex.def Info: figs/compare-video-2v2.pdf  used on input line 376.
(pdftex.def)             Requested size: 397.48499pt x 223.57979pt.


[19]

[20 <./figs/causal_graph_fall.pdf> <./figs/causal_graph_projectile.pdf>]

[21 <./figs/causal_graph_collision.pdf> <./figs/data/Static_Image_Generation/static-human-1.pdf>]

[22 <./figs/causal_graph_robotics.pdf>]

[23 <./figs/traffic_cfg_new.png> <./figs/data/Static_Image_Generation/static-human-2.pdf>]

[24 <./figs/data/Dynamic_physical_simulations-Image/Spring_00.jpg> <./figs/data/Dynamic_physical_simulations-Image/re_00.jpg>]

[25 <./figs/data/Dynamic_physical_simulations-Image/slope_00.jpg> <./figs/data/Dynamic_physical_simulations-Image/fall_00.jpg>]

[26 <./figs/data/Dynamic_Physical_Simulation_Video/sample_fall4.pdf> <./figs/data/Dynamic_Physical_Simulation_Video/sample_projectile4.pdf>]

[27 <./figs/data/Dynamic_Physical_Simulation_Video/sample_collision4.pdf> <./figs/data/Dynamic_Physical_Simulation_Video/sample_kitchen4.pdf>]

[28 <./figs/data/Dynamic_Physical_Simulation_Video/sample_living.pdf>]

[29 <./figs/data/Dynamic_Physical_Simulation_Video/sample_study.pdf>]

[30 <./figs/data/Dynamic_Physical_Simulation_Video/sample_general4.pdf> <./figs/data/Dynamic_Physical_Simulation_Video/sample_mobile.pdf>]

[31 <./figs/data/Traffic_Situation/traffic-situation-2.pdf> <./figs/data/Traffic_Situation/traffic-situation-town01.pdf> <./figs/data/Traffic_Situation/traffic-situation-1.pdf>]

[32 <./figs/data/Traffic_Situation/traffic-situation-town04.pdf> <./figs/data/Traffic_Situation/traffic-situation-3.pdf>]

[33 <./figs/compare-image-2v2.pdf>]

[34 <./figs/compare-video-2v2.pdf>])
Underfull \hbox (badness 1005) in paragraph at lines 82--83
[]|\T1/ptm/m/n/9 (+20) Scene iden-ti-fier (as-sets,
 []


Underfull \hbox (badness 1383) in paragraph at lines 83--84
[]|\T1/ptm/m/n/9 (+20) Acceleration of grav-ity
 []


Underfull \hbox (badness 10000) in paragraph at lines 87--87
[]|\T1/ptm/m/n/9 (+20) Dynamic
 []


Underfull \hbox (badness 10000) in paragraph at lines 88--88
[]|\T1/ptm/m/n/9 (+20) Dynamic
 []


Underfull \hbox (badness 10000) in paragraph at lines 88--89
[]|\T1/ptm/m/n/9 (+20) Vertical ac-cel-er-a-tion;
 []



[35

]

[36]

[37]

[38])

[39] (./arxiv.aux)
 ***********
LaTeX2e <2024-11-01> patch level 2
L3 programming layer <2025-01-18>
 ***********
Package rerunfilecheck Info: File `arxiv.out' has not changed.
(rerunfilecheck)             Checksum: 3018C71440E3B0231D00CA75F4A44A61;6342.
 ) 
Here is how much of TeX's memory you used:
 22736 strings out of 473190
 382508 string characters out of 5719978
 860605 words of memory out of 5000000
 45015 multiletter control sequences out of 15000+600000
 621848 words of font info for 336 fonts, out of 8000000 for 9000
 1141 hyphenation exceptions out of 8191
 75i,17n,79p,2412b,682s stack positions out of 10000i,1000n,20000p,200000b,200000s

pdfTeX warning (dest): name{Hfootnote.13} has been referenced but does not exist, replaced by a fixed one


pdfTeX warning (dest): name{Hfootnote.12} has been referenced but does not exist, replaced by a fixed one


pdfTeX warning (dest): name{Hfootnote.11} has been referenced but does not exist, replaced by a fixed one


pdfTeX warning (dest): name{Hfootnote.10} has been referenced but does not exist, replaced by a fixed one


pdfTeX warning (dest): name{Hfootnote.9} has been referenced but does not exist, replaced by a fixed one


pdfTeX warning (dest): name{Hfootnote.8} has been referenced but does not exist, replaced by a fixed one


pdfTeX warning (dest): name{Hfootnote.7} has been referenced but does not exist, replaced by a fixed one


pdfTeX warning (dest): name{Hfootnote.6} has been referenced but does not exist, replaced by a fixed one


pdfTeX warning (dest): name{Hfootnote.5} has been referenced but does not exist, replaced by a fixed one


pdfTeX warning (dest): name{Hfootnote.4} has been referenced but does not exist, replaced by a fixed one


pdfTeX warning (dest): name{Hfootnote.3} has been referenced but does not exist, replaced by a fixed one


pdfTeX warning (dest): name{Hfootnote.2} has been referenced but does not exist, replaced by a fixed one


pdfTeX warning (dest): name{Hfootnote.1} has been referenced but does not exist, replaced by a fixed one

<c:/texlive/2025/texmf-dist/fonts/type1/public/amsfonts/cm/cmbx10.pfb><c:/texlive/2025/texmf-dist/fonts/type1/public/amsfonts/cm/cmex10.pfb><c:/texlive/2025/texmf-dist/fonts/type1/public/amsfonts/cmextra/cmex7.pfb><c:/texlive/2025/texmf-dist/fonts/type1/public/amsfonts/cm/cmmi10.pfb><c:/texlive/2025/texmf-dist/fonts/type1/public/amsfonts/cm/cmmi5.pfb><c:/texlive/2025/texmf-dist/fonts/type1/public/amsfonts/cm/cmmi7.pfb><c:/texlive/2025/texmf-dist/fonts/type1/public/amsfonts/cm/cmmi9.pfb><c:/texlive/2025/texmf-dist/fonts/type1/public/amsfonts/cm/cmr10.pfb><c:/texlive/2025/texmf-dist/fonts/type1/public/amsfonts/cm/cmr5.pfb><c:/texlive/2025/texmf-dist/fonts/type1/public/amsfonts/cm/cmr6.pfb><c:/texlive/2025/texmf-dist/fonts/type1/public/amsfonts/cm/cmr7.pfb><c:/texlive/2025/texmf-dist/fonts/type1/public/amsfonts/cm/cmr9.pfb><c:/texlive/2025/texmf-dist/fonts/type1/public/amsfonts/cm/cmsy10.pfb><c:/texlive/2025/texmf-dist/fonts/type1/public/amsfonts/cm/cmsy6.pfb><c:/texlive/2025/texmf-dist/fonts/type1/public/amsfonts/cm/cmsy7.pfb><c:/texlive/2025/texmf-dist/fonts/type1/public/amsfonts/cm/cmsy9.pfb><c:/texlive/2025/texmf-dist/fonts/type1/public/amsfonts/symbols/msbm10.pfb><c:/texlive/2025/texmf-dist/fonts/type1/public/cm-super/sftt0900.pfb><c:/texlive/2025/texmf-dist/fonts/type1/public/cm-super/sftt1000.pfb><c:/texlive/2025/texmf-dist/fonts/type1/urw/times/utmb8a.pfb><c:/texlive/2025/texmf-dist/fonts/type1/urw/times/utmr8a.pfb><c:/texlive/2025/texmf-dist/fonts/type1/urw/times/utmri8a.pfb><c:/texlive/2025/texmf-dist/fonts/type1/urw/zapfding/uzdr.pfb>
Output written on arxiv.pdf (39 pages, 23916514 bytes).
PDF statistics:
 1415 PDF objects out of 1440 (max. 8388607)
 865 compressed objects within 9 object streams
 211 named destinations out of 1000 (max. 500000)
 57770 words of extra memory for PDF output out of 61914 (max. 10000000)

